<?xml version="1.0" encoding="UTF-8"?>
<!-- Generated by org.testng.reporters.JUnitReportReporter -->
<testsuite hostname="MoreVasanthKumar" failures="0" tests="1" name="org.sap.tests.GuruNewCustomerTest" time="15.146" errors="0" timestamp="2023-09-04T12:59:56 IST" skipped="0">
  <testcase classname="org.sap.tests.GuruNewCustomerTest" name="AddNewCustomer" time="15.146"/>
</testsuite> <!-- org.sap.tests.GuruNewCustomerTest -->
