<?xml version="1.0" encoding="UTF-8"?>
<!-- Generated by org.testng.reporters.JUnitReportReporter -->
<testsuite hostname="MoreVasanthKumar" failures="0" tests="2" name="org.sap.tests.GuruLoginTest" time="24.435" errors="0" timestamp="2023-08-30T18:19:36 IST" skipped="0">
  <testcase classname="org.sap.tests.GuruLoginTest" name="loginValidCredentials" time="13.644"/>
  <testcase classname="org.sap.tests.GuruLoginTest" name="loginValidCredentials" time="10.791"/>
</testsuite> <!-- org.sap.tests.GuruLoginTest -->
